Fitter Status : Successful - Tue Jul 27 18:38:02 2021
Quartus Prime Version : 18.0.0 Build 614 04/24/2018 SJ Standard Edition
Revision Name : top_system
Top-level Entity Name : top_system
Family : Cyclone V
Device : 5CGTFD9E5F35C7
Timing Models : Final
Logic utilization (in ALMs) : 2,526 / 113,560 ( 2 % )
Total registers : 1447
Total pins : 6 / 616 ( < 1 % )
Total virtual pins : 0
Total block memory bits : 8,423,424 / 12,492,800 ( 67 % )
Total RAM Blocks : 1,030 / 1,220 ( 84 % )
Total DSP Blocks : 3 / 342 ( < 1 % )
Total HSSI RX PCSs : 0 / 12 ( 0 % )
Total HSSI PMA RX Deserializers : 0 / 12 ( 0 % )
Total HSSI TX PCSs : 0 / 12 ( 0 % )
Total HSSI PMA TX Serializers : 0 / 12 ( 0 % )
Total PLLs : 0 / 20 ( 0 % )
Total DLLs : 0 / 4 ( 0 % )
